2023/09/09 09:41:11 [notice] 1#1: using the "epoll" event method
2023/09/09 09:41:11 [notice] 1#1: nginx/1.25.2
2023/09/09 09:41:11 [notice] 1#1: built by gcc 12.2.1 20220924 (Alpine 12.2.1_git20220924-r10) 
2023/09/09 09:41:11 [notice] 1#1: OS: Linux 5.15.49-linuxkit-pr
2023/09/09 09:41:11 [notice] 1#1: getrlimit(RLIMIT_NOFILE): 1048576:1048576
2023/09/09 09:41:11 [notice] 1#1: start worker processes
2023/09/09 09:41:11 [notice] 1#1: start worker process 20
2023/09/09 09:41:11 [notice] 1#1: start worker process 21
2023/09/09 09:46:13 [notice] 1#1: signal 3 (SIGQUIT) received, shutting down
2023/09/09 09:46:13 [notice] 21#21: gracefully shutting down
2023/09/09 09:46:13 [notice] 21#21: exiting
2023/09/09 09:46:13 [notice] 20#20: gracefully shutting down
2023/09/09 09:46:13 [notice] 20#20: exiting
2023/09/09 09:46:13 [notice] 21#21: exit
2023/09/09 09:46:13 [notice] 20#20: exit
2023/09/09 09:46:13 [notice] 1#1: signal 17 (SIGCHLD) received from 21
2023/09/09 09:46:13 [notice] 1#1: worker process 21 exited with code 0
2023/09/09 09:46:13 [notice] 1#1: signal 29 (SIGIO) received
2023/09/09 09:46:13 [notice] 1#1: signal 17 (SIGCHLD) received from 20
2023/09/09 09:46:13 [notice] 1#1: worker process 20 exited with code 0
2023/09/09 09:46:13 [notice] 1#1: exit
2023/09/09 09:46:14 [notice] 1#1: using the "epoll" event method
2023/09/09 09:46:14 [notice] 1#1: nginx/1.25.2
2023/09/09 09:46:14 [notice] 1#1: built by gcc 12.2.1 20220924 (Alpine 12.2.1_git20220924-r10) 
2023/09/09 09:46:14 [notice] 1#1: OS: Linux 5.15.49-linuxkit-pr
2023/09/09 09:46:14 [notice] 1#1: getrlimit(RLIMIT_NOFILE): 1048576:1048576
2023/09/09 09:46:14 [notice] 1#1: start worker processes
2023/09/09 09:46:14 [notice] 1#1: start worker process 20
2023/09/09 09:46:14 [notice] 1#1: start worker process 21
2023/09/09 09:48:40 [notice] 1#1: signal 3 (SIGQUIT) received, shutting down
2023/09/09 09:48:40 [notice] 21#21: gracefully shutting down
2023/09/09 09:48:40 [notice] 21#21: exiting
2023/09/09 09:48:40 [notice] 20#20: gracefully shutting down
2023/09/09 09:48:40 [notice] 20#20: exiting
2023/09/09 09:48:40 [notice] 21#21: exit
2023/09/09 09:48:40 [notice] 20#20: exit
2023/09/09 09:48:41 [notice] 1#1: signal 17 (SIGCHLD) received from 21
2023/09/09 09:48:41 [notice] 1#1: worker process 21 exited with code 0
2023/09/09 09:48:41 [notice] 1#1: signal 29 (SIGIO) received
2023/09/09 09:48:41 [notice] 1#1: signal 17 (SIGCHLD) received from 20
2023/09/09 09:48:41 [notice] 1#1: worker process 20 exited with code 0
2023/09/09 09:48:41 [notice] 1#1: exit
2023/09/09 09:48:42 [notice] 1#1: using the "epoll" event method
2023/09/09 09:48:42 [notice] 1#1: nginx/1.24.0
2023/09/09 09:48:42 [notice] 1#1: built by gcc 12.2.1 20220924 (Alpine 12.2.1_git20220924-r4) 
2023/09/09 09:48:42 [notice] 1#1: OS: Linux 5.15.49-linuxkit-pr
2023/09/09 09:48:42 [notice] 1#1: getrlimit(RLIMIT_NOFILE): 1048576:1048576
2023/09/09 09:48:42 [notice] 1#1: start worker processes
2023/09/09 09:48:42 [notice] 1#1: start worker process 19
2023/09/09 09:48:42 [notice] 1#1: start worker process 20
2023/09/09 09:52:53 [notice] 1#1: signal 3 (SIGQUIT) received, shutting down
2023/09/09 09:52:53 [notice] 19#19: gracefully shutting down
2023/09/09 09:52:53 [notice] 19#19: exiting
2023/09/09 09:52:53 [notice] 20#20: gracefully shutting down
2023/09/09 09:52:53 [notice] 20#20: exiting
2023/09/09 09:52:53 [notice] 19#19: exit
2023/09/09 09:52:53 [notice] 20#20: exit
2023/09/09 09:52:53 [notice] 1#1: signal 17 (SIGCHLD) received from 19
2023/09/09 09:52:53 [notice] 1#1: worker process 19 exited with code 0
2023/09/09 09:52:53 [notice] 1#1: signal 29 (SIGIO) received
2023/09/09 09:52:53 [notice] 1#1: signal 17 (SIGCHLD) received from 20
2023/09/09 09:52:53 [notice] 1#1: worker process 20 exited with code 0
2023/09/09 09:52:53 [notice] 1#1: exit
2023/09/09 09:52:55 [notice] 1#1: using the "epoll" event method
2023/09/09 09:52:55 [notice] 1#1: nginx/1.25.2
2023/09/09 09:52:55 [notice] 1#1: built by gcc 12.2.1 20220924 (Alpine 12.2.1_git20220924-r10) 
2023/09/09 09:52:55 [notice] 1#1: OS: Linux 5.15.49-linuxkit-pr
2023/09/09 09:52:55 [notice] 1#1: getrlimit(RLIMIT_NOFILE): 1048576:1048576
2023/09/09 09:52:55 [notice] 1#1: start worker processes
2023/09/09 09:52:55 [notice] 1#1: start worker process 20
2023/09/09 09:52:55 [notice] 1#1: start worker process 21
2023/09/09 09:58:15 [notice] 1#1: signal 3 (SIGQUIT) received, shutting down
2023/09/09 09:58:15 [notice] 20#20: gracefully shutting down
2023/09/09 09:58:15 [notice] 20#20: exiting
2023/09/09 09:58:15 [notice] 21#21: gracefully shutting down
2023/09/09 09:58:15 [notice] 21#21: exiting
2023/09/09 09:58:15 [notice] 20#20: exit
2023/09/09 09:58:15 [notice] 21#21: exit
2023/09/09 09:58:15 [notice] 1#1: signal 17 (SIGCHLD) received from 20
2023/09/09 09:58:15 [notice] 1#1: worker process 20 exited with code 0
2023/09/09 09:58:15 [notice] 1#1: signal 29 (SIGIO) received
2023/09/09 09:58:15 [notice] 1#1: signal 17 (SIGCHLD) received from 21
2023/09/09 09:58:15 [notice] 1#1: worker process 21 exited with code 0
2023/09/09 09:58:15 [notice] 1#1: exit
2023/09/09 09:58:15 [notice] 1#1: using the "epoll" event method
2023/09/09 09:58:15 [notice] 1#1: nginx/1.25.2
2023/09/09 09:58:15 [notice] 1#1: built by gcc 12.2.1 20220924 (Alpine 12.2.1_git20220924-r10) 
2023/09/09 09:58:15 [notice] 1#1: OS: Linux 5.15.49-linuxkit-pr
2023/09/09 09:58:15 [notice] 1#1: getrlimit(RLIMIT_NOFILE): 1048576:1048576
2023/09/09 09:58:15 [notice] 1#1: start worker processes
2023/09/09 09:58:15 [notice] 1#1: start worker process 29
2023/09/09 09:58:15 [notice] 1#1: start worker process 30
2023/09/09 10:35:43 [notice] 1#1: signal 3 (SIGQUIT) received, shutting down
2023/09/09 10:35:43 [notice] 30#30: gracefully shutting down
2023/09/09 10:35:43 [notice] 30#30: exiting
2023/09/09 10:35:43 [notice] 29#29: gracefully shutting down
2023/09/09 10:35:43 [notice] 29#29: exiting
2023/09/09 10:35:43 [notice] 29#29: exit
2023/09/09 10:35:43 [notice] 30#30: exit
2023/09/09 10:35:43 [notice] 1#1: signal 17 (SIGCHLD) received from 30
2023/09/09 10:35:43 [notice] 1#1: worker process 29 exited with code 0
2023/09/09 10:35:43 [notice] 1#1: worker process 30 exited with code 0
2023/09/09 10:35:43 [notice] 1#1: exit
2023/09/09 10:35:46 [notice] 1#1: using the "epoll" event method
2023/09/09 10:35:46 [notice] 1#1: nginx/1.25.2
2023/09/09 10:35:46 [notice] 1#1: built by gcc 12.2.1 20220924 (Alpine 12.2.1_git20220924-r10) 
2023/09/09 10:35:46 [notice] 1#1: OS: Linux 5.15.49-linuxkit-pr
2023/09/09 10:35:46 [notice] 1#1: getrlimit(RLIMIT_NOFILE): 1048576:1048576
2023/09/09 10:35:46 [notice] 1#1: start worker processes
2023/09/09 10:35:46 [notice] 1#1: start worker process 20
2023/09/09 10:35:46 [notice] 1#1: start worker process 21
2023/09/09 10:36:12 [notice] 1#1: signal 3 (SIGQUIT) received, shutting down
2023/09/09 10:36:12 [notice] 21#21: gracefully shutting down
2023/09/09 10:36:12 [notice] 21#21: exiting
2023/09/09 10:36:12 [notice] 20#20: gracefully shutting down
2023/09/09 10:36:12 [notice] 21#21: exit
2023/09/09 10:36:12 [notice] 20#20: exiting
2023/09/09 10:36:12 [notice] 20#20: exit
2023/09/09 10:36:12 [notice] 1#1: signal 17 (SIGCHLD) received from 21
2023/09/09 10:36:12 [notice] 1#1: worker process 21 exited with code 0
2023/09/09 10:36:12 [notice] 1#1: signal 29 (SIGIO) received
2023/09/09 10:36:12 [notice] 1#1: signal 17 (SIGCHLD) received from 20
2023/09/09 10:36:12 [notice] 1#1: worker process 20 exited with code 0
2023/09/09 10:36:12 [notice] 1#1: exit
2023/09/09 10:36:36 [notice] 1#1: using the "epoll" event method
2023/09/09 10:36:36 [notice] 1#1: nginx/1.25.2
2023/09/09 10:36:36 [notice] 1#1: built by gcc 12.2.1 20220924 (Alpine 12.2.1_git20220924-r10) 
2023/09/09 10:36:36 [notice] 1#1: OS: Linux 5.15.49-linuxkit-pr
2023/09/09 10:36:36 [notice] 1#1: getrlimit(RLIMIT_NOFILE): 1048576:1048576
2023/09/09 10:36:36 [notice] 1#1: start worker processes
2023/09/09 10:36:36 [notice] 1#1: start worker process 20
2023/09/09 10:36:36 [notice] 1#1: start worker process 21
2023/09/09 10:48:59 [notice] 1#1: signal 3 (SIGQUIT) received, shutting down
2023/09/09 10:48:59 [notice] 21#21: gracefully shutting down
2023/09/09 10:48:59 [notice] 21#21: exiting
2023/09/09 10:48:59 [notice] 20#20: gracefully shutting down
2023/09/09 10:48:59 [notice] 20#20: exiting
2023/09/09 10:48:59 [notice] 21#21: exit
2023/09/09 10:48:59 [notice] 20#20: exit
2023/09/09 10:48:59 [notice] 1#1: signal 17 (SIGCHLD) received from 21
2023/09/09 10:48:59 [notice] 1#1: worker process 21 exited with code 0
2023/09/09 10:48:59 [notice] 1#1: signal 29 (SIGIO) received
2023/09/09 10:48:59 [notice] 1#1: signal 17 (SIGCHLD) received from 20
2023/09/09 10:48:59 [notice] 1#1: worker process 20 exited with code 0
2023/09/09 10:48:59 [notice] 1#1: exit
2023/09/09 10:49:00 [notice] 1#1: using the "epoll" event method
2023/09/09 10:49:00 [notice] 1#1: nginx/1.25.2
2023/09/09 10:49:00 [notice] 1#1: built by gcc 12.2.1 20220924 (Alpine 12.2.1_git20220924-r10) 
2023/09/09 10:49:00 [notice] 1#1: OS: Linux 5.15.49-linuxkit-pr
2023/09/09 10:49:00 [notice] 1#1: getrlimit(RLIMIT_NOFILE): 1048576:1048576
2023/09/09 10:49:00 [notice] 1#1: start worker processes
2023/09/09 10:49:00 [notice] 1#1: start worker process 19
2023/09/09 10:49:00 [notice] 1#1: start worker process 20
2023/09/09 10:49:03 [error] 19#19: *1 directory index of "/var/www/public/" is forbidden, client: 172.21.0.1, server: , request: "GET / HTTP/1.1", host: "localhost"
2023/09/09 10:49:05 [error] 19#19: *1 directory index of "/var/www/public/" is forbidden, client: 172.21.0.1, server: , request: "GET / HTTP/1.1", host: "localhost"
2023/09/09 10:49:05 [error] 19#19: *1 directory index of "/var/www/public/" is forbidden, client: 172.21.0.1, server: , request: "GET / HTTP/1.1", host: "localhost"
2023/09/09 10:49:06 [error] 19#19: *1 directory index of "/var/www/public/" is forbidden, client: 172.21.0.1, server: , request: "GET / HTTP/1.1", host: "localhost"
2023/09/09 10:49:06 [error] 19#19: *1 directory index of "/var/www/public/" is forbidden, client: 172.21.0.1, server: , request: "GET / HTTP/1.1", host: "localhost"
2023/09/09 10:49:06 [error] 19#19: *1 directory index of "/var/www/public/" is forbidden, client: 172.21.0.1, server: , request: "GET / HTTP/1.1", host: "localhost"
2023/09/09 10:51:20 [error] 19#19: *3 directory index of "/var/www/public/" is forbidden, client: 172.21.0.1, server: , request: "GET / HTTP/1.1", host: "192.168.100.64"
2023/09/09 10:54:38 [error] 19#19: *4 directory index of "/var/www/public/" is forbidden, client: 172.21.0.1, server: , request: "GET / HTTP/1.1", host: "localhost"
2023/09/09 10:54:40 [error] 19#19: *4 directory index of "/var/www/public/" is forbidden, client: 172.21.0.1, server: , request: "GET / HTTP/1.1", host: "localhost"
2023/09/09 10:54:40 [error] 19#19: *4 directory index of "/var/www/public/" is forbidden, client: 172.21.0.1, server: , request: "GET / HTTP/1.1", host: "localhost"
2023/09/09 10:54:40 [error] 19#19: *4 directory index of "/var/www/public/" is forbidden, client: 172.21.0.1, server: , request: "GET / HTTP/1.1", host: "localhost"
2023/09/09 10:54:41 [error] 19#19: *4 directory index of "/var/www/public/" is forbidden, client: 172.21.0.1, server: , request: "GET / HTTP/1.1", host: "localhost"
2023/09/09 10:54:41 [error] 19#19: *4 directory index of "/var/www/public/" is forbidden, client: 172.21.0.1, server: , request: "GET / HTTP/1.1", host: "localhost"
2023/09/09 10:54:41 [error] 19#19: *4 directory index of "/var/www/public/" is forbidden, client: 172.21.0.1, server: , request: "GET / HTTP/1.1", host: "localhost"
2023/09/09 10:55:32 [error] 19#19: *4 directory index of "/var/www/public/" is forbidden, client: 172.21.0.1, server: , request: "GET / HTTP/1.1", host: "localhost"
2023/09/09 10:56:38 [error] 19#19: *6 directory index of "/var/www/public/" is forbidden, client: 172.21.0.1, server: , request: "GET / HTTP/1.1", host: "localhost"
2023/09/09 10:56:57 [error] 19#19: *6 directory index of "/var/www/public/" is forbidden, client: 172.21.0.1, server: , request: "GET / HTTP/1.1", host: "localhost"
2023/09/09 10:58:26 [error] 19#19: *8 directory index of "/var/www/public/" is forbidden, client: 172.21.0.1, server: , request: "GET / HTTP/1.1", host: "localhost"
2023/09/09 10:58:28 [error] 19#19: *8 directory index of "/var/www/public/" is forbidden, client: 172.21.0.1, server: , request: "GET / HTTP/1.1", host: "localhost"
2023/09/09 10:59:13 [error] 19#19: *8 directory index of "/var/www/public/" is forbidden, client: 172.21.0.1, server: , request: "GET / HTTP/1.1", host: "localhost"
2023/09/09 10:59:14 [error] 19#19: *8 directory index of "/var/www/public/" is forbidden, client: 172.21.0.1, server: , request: "GET / HTTP/1.1", host: "localhost"
2023/09/09 10:59:15 [error] 19#19: *8 directory index of "/var/www/public/" is forbidden, client: 172.21.0.1, server: , request: "GET / HTTP/1.1", host: "localhost"
2023/09/09 10:59:15 [error] 19#19: *8 directory index of "/var/www/public/" is forbidden, client: 172.21.0.1, server: , request: "GET / HTTP/1.1", host: "localhost"
2023/09/09 10:59:15 [error] 19#19: *8 directory index of "/var/www/public/" is forbidden, client: 172.21.0.1, server: , request: "GET / HTTP/1.1", host: "localhost"
2023/09/09 10:59:15 [error] 19#19: *8 directory index of "/var/www/public/" is forbidden, client: 172.21.0.1, server: , request: "GET / HTTP/1.1", host: "localhost"
2023/09/09 10:59:16 [error] 19#19: *8 directory index of "/var/www/public/" is forbidden, client: 172.21.0.1, server: , request: "GET / HTTP/1.1", host: "localhost"
2023/09/09 10:59:16 [error] 19#19: *8 directory index of "/var/www/public/" is forbidden, client: 172.21.0.1, server: , request: "GET / HTTP/1.1", host: "localhost"
2023/09/09 10:59:16 [error] 19#19: *8 directory index of "/var/www/public/" is forbidden, client: 172.21.0.1, server: , request: "GET / HTTP/1.1", host: "localhost"
2023/09/09 11:00:12 [notice] 1#1: signal 3 (SIGQUIT) received, shutting down
2023/09/09 11:00:12 [notice] 20#20: gracefully shutting down
2023/09/09 11:00:12 [notice] 20#20: exiting
2023/09/09 11:00:12 [notice] 19#19: gracefully shutting down
2023/09/09 11:00:12 [notice] 20#20: exit
2023/09/09 11:00:12 [notice] 19#19: exiting
2023/09/09 11:00:12 [notice] 19#19: exit
2023/09/09 11:00:13 [notice] 1#1: signal 17 (SIGCHLD) received from 20
2023/09/09 11:00:13 [notice] 1#1: worker process 20 exited with code 0
2023/09/09 11:00:13 [notice] 1#1: signal 29 (SIGIO) received
2023/09/09 11:00:13 [notice] 1#1: signal 17 (SIGCHLD) received from 19
2023/09/09 11:00:13 [notice] 1#1: worker process 19 exited with code 0
2023/09/09 11:00:13 [notice] 1#1: exit
2023/09/09 11:00:14 [notice] 1#1: using the "epoll" event method
2023/09/09 11:00:14 [notice] 1#1: nginx/1.25.2
2023/09/09 11:00:14 [notice] 1#1: built by gcc 12.2.1 20220924 (Alpine 12.2.1_git20220924-r10) 
2023/09/09 11:00:14 [notice] 1#1: OS: Linux 5.15.49-linuxkit-pr
2023/09/09 11:00:14 [notice] 1#1: getrlimit(RLIMIT_NOFILE): 1048576:1048576
2023/09/09 11:00:14 [notice] 1#1: start worker processes
2023/09/09 11:00:14 [notice] 1#1: start worker process 21
2023/09/09 11:00:14 [notice] 1#1: start worker process 22
2023/09/09 12:28:07 [notice] 1#1: signal 3 (SIGQUIT) received, shutting down
2023/09/09 12:28:07 [notice] 21#21: gracefully shutting down
2023/09/09 12:28:07 [notice] 22#22: gracefully shutting down
2023/09/09 12:28:07 [notice] 22#22: exiting
2023/09/09 12:28:07 [notice] 22#22: exit
2023/09/09 12:28:07 [notice] 21#21: exiting
2023/09/09 12:28:07 [notice] 21#21: exit
2023/09/09 12:28:07 [notice] 1#1: signal 17 (SIGCHLD) received from 21
2023/09/09 12:28:07 [notice] 1#1: worker process 21 exited with code 0
2023/09/09 12:28:07 [notice] 1#1: signal 29 (SIGIO) received
2023/09/09 12:28:07 [notice] 1#1: signal 17 (SIGCHLD) received from 22
2023/09/09 12:28:07 [notice] 1#1: worker process 22 exited with code 0
2023/09/09 12:28:07 [notice] 1#1: exit
